
******************************************************************************
26/03/2015 13:29:32: INICIO DEL TRASPASO POR LOTES
******************************************************************************			

******************************************************************************
26/03/2015 13:29:32:TRASPASANDO CONCEPTOS APUNTES                                  (INICIO)
******************************************************************************		


******************************************************************************
26/03/2015 13:29:33:TRASPASANDO CONCEPTOS APUNTES                                  (FIN)
******************************************************************************		


******************************************************************************
26/03/2015 13:29:33:TRASPASANDO CUENTAS                                            (INICIO)
******************************************************************************		


******************************************************************************
26/03/2015 13:29:46:TRASPASANDO CUENTAS                                            (FIN)
******************************************************************************		


******************************************************************************
26/03/2015 13:29:46:TRASPASANDO GEN_TIPOS_OPCIONES_INCIDENCIAS                     (INICIO)
******************************************************************************		


******************************************************************************
26/03/2015 13:29:46:TRASPASANDO GEN_TIPOS_OPCIONES_INCIDENCIAS                     (FIN)
******************************************************************************		


******************************************************************************
26/03/2015 13:29:47:TRASPASANDO DEFECTOS CALIDAD                                   (INICIO)
******************************************************************************		


******************************************************************************
26/03/2015 13:29:47:TRASPASANDO DEFECTOS CALIDAD                                   (FIN)
******************************************************************************		


******************************************************************************
26/03/2015 13:29:47:TRASPASANDO PLAGAS                                             (INICIO)
******************************************************************************		


******************************************************************************
26/03/2015 13:29:47:TRASPASANDO PLAGAS                                             (FIN)
******************************************************************************		


******************************************************************************
26/03/2015 13:29:47:TRASPASANDO CAUSAS                                             (INICIO)
******************************************************************************		


******************************************************************************
26/03/2015 13:29:47:TRASPASANDO CAUSAS                                             (FIN)
******************************************************************************		


******************************************************************************
26/03/2015 13:29:47:TRASPASANDO MEDIDAS CORRECTORAS                                (INICIO)
******************************************************************************		


******************************************************************************
26/03/2015 13:29:47:TRASPASANDO MEDIDAS CORRECTORAS                                (FIN)
******************************************************************************		


******************************************************************************
26/03/2015 13:29:47:TRASPASANDO TIPOS DE CUBIERTA                                  (INICIO)
******************************************************************************		


******************************************************************************
26/03/2015 13:29:48:TRASPASANDO TIPOS DE CUBIERTA                                  (FIN)
******************************************************************************		


******************************************************************************
26/03/2015 13:29:48:TRASPASANDO TIPOS DE VENTILACION                               (INICIO)
******************************************************************************		


******************************************************************************
26/03/2015 13:29:48:TRASPASANDO TIPOS DE VENTILACION                               (FIN)
******************************************************************************		


******************************************************************************
26/03/2015 13:29:48:TRASPASANDO TIPOS DE ESTRUCTURA                                (INICIO)
******************************************************************************		


******************************************************************************
26/03/2015 13:29:48:TRASPASANDO TIPOS DE ESTRUCTURA                                (FIN)
******************************************************************************		


******************************************************************************
26/03/2015 13:29:48:TRASPASANDO TIPOS DE AGUA                                      (INICIO)
******************************************************************************		


******************************************************************************
26/03/2015 13:29:48:TRASPASANDO TIPOS DE AGUA                                      (FIN)
******************************************************************************		


******************************************************************************
26/03/2015 13:29:48:TRASPASANDO PAISES                                             (INICIO)
******************************************************************************		


******************************************************************************
26/03/2015 13:29:48:TRASPASANDO PAISES                                             (FIN)
******************************************************************************		


******************************************************************************
26/03/2015 13:29:49:TRASPASANDO TIPOS CAJA                                         (INICIO)
******************************************************************************		


******************************************************************************
26/03/2015 13:29:49:TRASPASANDO TIPOS CAJA                                         (FIN)
******************************************************************************		


******************************************************************************
26/03/2015 13:29:49:TRASPASANDO TRAMOS CC                                          (INICIO)
******************************************************************************		


******************************************************************************
26/03/2015 13:29:49:TRASPASANDO TRAMOS CC                                          (FIN)
******************************************************************************		


******************************************************************************
26/03/2015 13:29:49:TRASPASANDO TRAMOS CC PENALIZACIONES                           (INICIO)
******************************************************************************		


******************************************************************************
26/03/2015 13:29:49:TRASPASANDO TRAMOS CC PENALIZACIONES                           (FIN)
******************************************************************************		


******************************************************************************
26/03/2015 13:29:49:TRASPASANDO DIVISAS                                            (INICIO)
******************************************************************************		


******************************************************************************
26/03/2015 13:29:50:TRASPASANDO DIVISAS                                            (FIN)
******************************************************************************		


******************************************************************************
26/03/2015 13:29:50:TRASPASANDO ACTIVIDADES                                        (INICIO)
******************************************************************************		


******************************************************************************
26/03/2015 13:29:50:TRASPASANDO ACTIVIDADES                                        (FIN)
******************************************************************************		


******************************************************************************
26/03/2015 13:29:50:TRASPASANDO PLAGUICIDAS                                        (INICIO)
******************************************************************************		


******************************************************************************
26/03/2015 13:29:50:TRASPASANDO PLAGUICIDAS                                        (FIN)
******************************************************************************		


******************************************************************************
26/03/2015 13:29:50:TRASPASANDO PLAGUICIDAS PLAZOS                                 (INICIO)
******************************************************************************		
	 - Registro 1517:Actualizar:      1526:[Microsoft][ODBC SQL Server Driver]Desbordamiento del campo DateTimeTabla emp_plaguicidas_plazos(destino)

	 - Registro 5179:Actualizar:      1526:[Microsoft][ODBC SQL Server Driver]Desbordamiento del campo DateTimeTabla emp_plaguicidas_plazos(destino)



******************************************************************************
26/03/2015 13:30:13:TRASPASANDO PLAGUICIDAS PLAZOS                                 (FIN)
******************************************************************************		


******************************************************************************
26/03/2015 13:30:13:TRASPASANDO EMP_FAMILIAS                                       (INICIO)
******************************************************************************		


******************************************************************************
26/03/2015 13:30:13:TRASPASANDO EMP_FAMILIAS                                       (FIN)
******************************************************************************		


******************************************************************************
26/03/2015 13:30:13:TRASPASANDO EMP_ARTICULOS                                      (INICIO)
******************************************************************************		


******************************************************************************
26/03/2015 13:30:17:TRASPASANDO EMP_ARTICULOS                                      (FIN)
******************************************************************************		


******************************************************************************
26/03/2015 13:30:18:TRASPASANDO CALIDADES                                          (INICIO)
******************************************************************************		


******************************************************************************
26/03/2015 13:30:19:TRASPASANDO CALIDADES                                          (FIN)
******************************************************************************		


******************************************************************************
26/03/2015 13:30:19:TRASPASANDO CONFECCIONES                                       (INICIO)
******************************************************************************		


******************************************************************************
26/03/2015 13:30:20:TRASPASANDO CONFECCIONES                                       (FIN)
******************************************************************************		


******************************************************************************
26/03/2015 13:30:21:TRASPASANDO PERIODOS ARTICULOS                                 (INICIO)
******************************************************************************		


******************************************************************************
26/03/2015 13:30:26:TRASPASANDO PERIODOS ARTICULOS                                 (FIN)
******************************************************************************		


******************************************************************************
26/03/2015 13:30:26:TRASPASANDO PERIODOS PRECIOS                                   (INICIO)
******************************************************************************		


******************************************************************************
26/03/2015 13:30:28:TRASPASANDO PERIODOS PRECIOS                                   (FIN)
******************************************************************************		


******************************************************************************
26/03/2015 13:30:28:TRASPASANDO vf_emp_empleados                                   (INICIO)
******************************************************************************		


******************************************************************************
26/03/2015 13:30:29:TRASPASANDO vf_emp_empleados                                   (FIN)
******************************************************************************		


******************************************************************************
26/03/2015 13:30:29:TRASPASANDO BANCOS (EMPLEADOS)                                 (INICIO)
******************************************************************************		


******************************************************************************
26/03/2015 13:30:29:TRASPASANDO BANCOS (EMPLEADOS)                                 (FIN)
******************************************************************************		


******************************************************************************
26/03/2015 13:30:29:TRASPASANDO emp_representantes                                 (INICIO)
******************************************************************************		


******************************************************************************
26/03/2015 13:30:30:TRASPASANDO emp_representantes                                 (FIN)
******************************************************************************		


******************************************************************************
26/03/2015 13:30:30:TRASPASANDO emp_grupos_clientes                                (INICIO)
******************************************************************************		


******************************************************************************
26/03/2015 13:30:30:TRASPASANDO emp_grupos_clientes                                (FIN)
******************************************************************************		


******************************************************************************
26/03/2015 13:30:30:TRASPASANDO VF_EMP_CLIENTES                                    (INICIO)
******************************************************************************		


******************************************************************************
26/03/2015 13:30:43:TRASPASANDO VF_EMP_CLIENTES                                    (FIN)
******************************************************************************		


******************************************************************************
26/03/2015 13:30:43:TRASPASANDO DIRECCIONES ENVIO                                  (INICIO)
******************************************************************************		


******************************************************************************
26/03/2015 13:30:44:TRASPASANDO DIRECCIONES ENVIO                                  (FIN)
******************************************************************************		


******************************************************************************
26/03/2015 13:30:44:TRASPASANDO PROVEEDORES (SOCIOS)                               (INICIO)
******************************************************************************		


******************************************************************************
26/03/2015 13:30:46:TRASPASANDO PROVEEDORES (SOCIOS)                               (FIN)
******************************************************************************		


******************************************************************************
26/03/2015 13:30:46:TRASPASANDO BANCOS (SOCIOS LIQUIDACIONES)                      (INICIO)
******************************************************************************		


******************************************************************************
26/03/2015 13:30:47:TRASPASANDO BANCOS (SOCIOS LIQUIDACIONES)                      (FIN)
******************************************************************************		


******************************************************************************
26/03/2015 13:30:47:TRASPASANDO BANCOS (SOCIOS CARGOS)                             (INICIO)
******************************************************************************		


******************************************************************************
26/03/2015 13:30:49:TRASPASANDO BANCOS (SOCIOS CARGOS)                             (FIN)
******************************************************************************		


******************************************************************************
26/03/2015 13:30:49:TRASPASANDO PARCELAS                                           (INICIO)
******************************************************************************		


******************************************************************************
26/03/2015 13:30:51:TRASPASANDO PARCELAS                                           (FIN)
******************************************************************************		


******************************************************************************
26/03/2015 13:30:51:TRASPASANDO SUBPARCELAS                                        (INICIO)
******************************************************************************		


******************************************************************************
26/03/2015 13:30:56:TRASPASANDO SUBPARCELAS                                        (FIN)
******************************************************************************		


******************************************************************************
26/03/2015 13:30:56:TRASPASANDO CULTIVO 1                                          (INICIO)
******************************************************************************		


******************************************************************************
26/03/2015 13:31:06:TRASPASANDO CULTIVO 1                                          (FIN)
******************************************************************************		


******************************************************************************
26/03/2015 13:31:06:TRASPASANDO CULTIVO 2                                          (INICIO)
******************************************************************************		


******************************************************************************
26/03/2015 13:31:16:TRASPASANDO CULTIVO 2                                          (FIN)
******************************************************************************		


******************************************************************************
26/03/2015 13:31:16:TRASPASANDO CULTIVO 3                                          (INICIO)
******************************************************************************		


******************************************************************************
26/03/2015 13:31:21:TRASPASANDO CULTIVO 3                                          (FIN)
******************************************************************************		


******************************************************************************
26/03/2015 13:31:21:TRASPASANDO CULTIVO 4                                          (INICIO)
******************************************************************************		


******************************************************************************
26/03/2015 13:31:22:TRASPASANDO CULTIVO 4                                          (FIN)
******************************************************************************		


******************************************************************************
26/03/2015 13:31:22:TRASPASANDO CICLOS                                             (INICIO)
******************************************************************************		
	 - Registro 350:Actualizar:      1526:[Microsoft][ODBC SQL Server Driver][SQL Server]

Infracción de la restricción PRIMARY KEY 'PK_EMP_CICLOS'. No se puede insertar una clave duplicada en el objeto 'dbo.emp_ciclos_cultivos'. El valor de clave duplicado es (E_000001J , 22                  , 41).Tabla emp_ciclos_cultivos(destino)

	 - Registro 352:Actualizar:      1526:[Microsoft][ODBC SQL Server Driver][SQL Server]

Infracción de la restricción PRIMARY KEY 'PK_EMP_CICLOS'. No se puede insertar una clave duplicada en el objeto 'dbo.emp_ciclos_cultivos'. El valor de clave duplicado es (E_000001J , 22                  , 44).Tabla emp_ciclos_cultivos(destino)

	 - Registro 358:Actualizar:      1526:[Microsoft][ODBC SQL Server Driver][SQL Server]

Infracción de la restricción PRIMARY KEY 'PK_EMP_CICLOS'. No se puede insertar una clave duplicada en el objeto 'dbo.emp_ciclos_cultivos'. El valor de clave duplicado es (E_000001J , 22                  , 1).Tabla emp_ciclos_cultivos(destino)

	 - Registro 456:Actualizar:      1526:[Microsoft][ODBC SQL Server Driver][SQL Server]

Infracción de la restricción PRIMARY KEY 'PK_EMP_CICLOS'. No se puede insertar una clave duplicada en el objeto 'dbo.emp_ciclos_cultivos'. El valor de clave duplicado es (E_000001J , 31                  , 51).Tabla emp_ciclos_cultivos(destino)

	 - Registro 489:Actualizar:      1526:[Microsoft][ODBC SQL Server Driver][SQL Server]

Infracción de la restricción PRIMARY KEY 'PK_EMP_CICLOS'. No se puede insertar una clave duplicada en el objeto 'dbo.emp_ciclos_cultivos'. El valor de clave duplicado es (E_000001J , 34                  , 34).Tabla emp_ciclos_cultivos(destino)

	 - Registro 801:Actualizar:      1526:[Microsoft][ODBC SQL Server Driver][SQL Server]

Infracción de la restricción PRIMARY KEY 'PK_EMP_CICLOS'. No se puede insertar una clave duplicada en el objeto 'dbo.emp_ciclos_cultivos'. El valor de clave duplicado es (E_000001J , 72                  , 40).Tabla emp_ciclos_cultivos(destino)

	 - Registro 805:Actualizar:      1526:[Microsoft][ODBC SQL Server Driver][SQL Server]

Infracción de la restricción PRIMARY KEY 'PK_EMP_CICLOS'. No se puede insertar una clave duplicada en el objeto 'dbo.emp_ciclos_cultivos'. El valor de clave duplicado es (E_000001J , 72                  , 45).Tabla emp_ciclos_cultivos(destino)

	 - Registro 807:Actualizar:      1526:[Microsoft][ODBC SQL Server Driver][SQL Server]

Infracción de la restricción PRIMARY KEY 'PK_EMP_CICLOS'. No se puede insertar una clave duplicada en el objeto 'dbo.emp_ciclos_cultivos'. El valor de clave duplicado es (E_000001J , 72                  , 48).Tabla emp_ciclos_cultivos(destino)

	 - Registro 809:Actualizar:      1526:[Microsoft][ODBC SQL Server Driver][SQL Server]

Infracción de la restricción PRIMARY KEY 'PK_EMP_CICLOS'. No se puede insertar una clave duplicada en el objeto 'dbo.emp_ciclos_cultivos'. El valor de clave duplicado es (E_000001J , 72                  , 51).Tabla emp_ciclos_cultivos(destino)

	 - Registro 811:Actualizar:      1526:[Microsoft][ODBC SQL Server Driver][SQL Server]

Infracción de la restricción PRIMARY KEY 'PK_EMP_CICLOS'. No se puede insertar una clave duplicada en el objeto 'dbo.emp_ciclos_cultivos'. El valor de clave duplicado es (E_000001J , 72                  , 1).Tabla emp_ciclos_cultivos(destino)

	 - Registro 813:Actualizar:      1526:[Microsoft][ODBC SQL Server Driver][SQL Server]

Infracción de la restricción PRIMARY KEY 'PK_EMP_CICLOS'. No se puede insertar una clave duplicada en el objeto 'dbo.emp_ciclos_cultivos'. El valor de clave duplicado es (E_000001J , 72                  , 7).Tabla emp_ciclos_cultivos(destino)



******************************************************************************
26/03/2015 13:31:32:TRASPASANDO CICLOS                                             (FIN)
******************************************************************************		


******************************************************************************
26/03/2015 13:31:32:TRASPASANDO LIBRETA DE CAMPO                                   (INICIO)
******************************************************************************		


******************************************************************************
26/03/2015 13:31:32:TRASPASANDO LIBRETA DE CAMPO                                   (FIN)
******************************************************************************		


******************************************************************************
26/03/2015 13:31:32:TRASPASANDO ENTRADAS                                           (INICIO)
******************************************************************************		


******************************************************************************
26/03/2015 13:32:38:TRASPASANDO ENTRADAS                                           (FIN)
******************************************************************************		


******************************************************************************
26/03/2015 13:32:38:TRASPASANDO ENTRADAS (PESADAS)                                 (INICIO)
******************************************************************************		


******************************************************************************
26/03/2015 13:34:15:TRASPASANDO ENTRADAS (PESADAS)                                 (FIN)
******************************************************************************		


******************************************************************************
26/03/2015 13:34:15:TRASPASANDO CONTROL CALIDAD                                    (INICIO)
******************************************************************************		
	 - Registro 3327:Actualizar:      1526:[Microsoft][ODBC SQL Server Driver][SQL Server]

Infracción de la restricción PRIMARY KEY 'PK_EJE_CONTROL_CALIDAD'. No se puede insertar una clave duplicada en el objeto 'dbo.eje_control_calidad'. El valor de clave duplicado es (E_000001J , 2014, CC15/3258           ).Tabla eje_control_calidad(destino)

	 - Registro 5119:Actualizar:      1526:[Microsoft][ODBC SQL Server Driver][SQL Server]

Infracción de la restricción PRIMARY KEY 'PK_EJE_CONTROL_CALIDAD'. No se puede insertar una clave duplicada en el objeto 'dbo.eje_control_calidad'. El valor de clave duplicado es (E_000001J , 2014, CC15/5049           ).Tabla eje_control_calidad(destino)



******************************************************************************
26/03/2015 13:35:20:TRASPASANDO CONTROL CALIDAD                                    (FIN)
******************************************************************************		


******************************************************************************
26/03/2015 13:35:20:TRASPASANDO CONTROL CALIDAD DEFECTOS                           (INICIO)
******************************************************************************		
	 - Registro 2658:Actualizar:      1526:[Microsoft][ODBC SQL Server Driver][SQL Server]

Instrucción INSERT en conflicto con la restricción FOREIGN KEY "FK_eje_control_calidad_defectos_eje_control_calidad". El conflicto ha aparecido en la base de datos "vs_perello", tabla "dbo.eje_control_calidad".Tabla eje_control_calidad_defectos(destino)

	 - Registro 4472:Actualizar:      1526:[Microsoft][ODBC SQL Server Driver][SQL Server]

Instrucción INSERT en conflicto con la restricción FOREIGN KEY "FK_eje_control_calidad_defectos_eje_control_calidad". El conflicto ha aparecido en la base de datos "vs_perello", tabla "dbo.eje_control_calidad".Tabla eje_control_calidad_defectos(destino)



******************************************************************************
26/03/2015 13:35:43:TRASPASANDO CONTROL CALIDAD DEFECTOS                           (FIN)
******************************************************************************		


******************************************************************************
26/03/2015 13:35:43:TRASPASANDO PROGRAMACION CULTIVOS                              (INICIO)
******************************************************************************		


******************************************************************************
26/03/2015 13:35:45:TRASPASANDO PROGRAMACION CULTIVOS                              (FIN)
******************************************************************************		


******************************************************************************
26/03/2015 13:35:45:TRASPASANDO NOMINAS C                                          (INICIO)
******************************************************************************		


******************************************************************************
26/03/2015 13:35:45:TRASPASANDO NOMINAS C                                          (FIN)
******************************************************************************		


******************************************************************************
26/03/2015 13:35:45:TRASPASANDO NOMINAS LINEAS                                     (INICIO)
******************************************************************************		


******************************************************************************
26/03/2015 13:35:46:TRASPASANDO NOMINAS LINEAS                                     (FIN)
******************************************************************************		


******************************************************************************
26/03/2015 13:35:46:TRASPASANDO HTCO. APORTACIONES                                 (INICIO)
******************************************************************************		


******************************************************************************
26/03/2015 13:35:51:TRASPASANDO HTCO. APORTACIONES                                 (FIN)
******************************************************************************		


******************************************************************************
26/03/2015 13:35:51:TRASPASANDO TRATAMIENTOS CABECERA                              (INICIO)
******************************************************************************		


******************************************************************************
26/03/2015 13:36:10:TRASPASANDO TRATAMIENTOS CABECERA                              (FIN)
******************************************************************************		


******************************************************************************
26/03/2015 13:36:10:TRASPASANDO TRATAMIENTOS LINEAS                                (INICIO)
******************************************************************************		


******************************************************************************
26/03/2015 13:36:57:TRASPASANDO TRATAMIENTOS LINEAS                                (FIN)
******************************************************************************		


******************************************************************************
26/03/2015 13:36:57:TRASPASANDO CABECERA ALBARAN                                   (INICIO)
******************************************************************************		


******************************************************************************
26/03/2015 13:37:23:TRASPASANDO CABECERA ALBARAN                                   (FIN)
******************************************************************************		


******************************************************************************
26/03/2015 13:37:23:TRASPASANDO LINEAS ALBARAN                                     (INICIO)
******************************************************************************		


******************************************************************************
26/03/2015 13:38:44:TRASPASANDO LINEAS ALBARAN                                     (FIN)
******************************************************************************		


******************************************************************************
26/03/2015 13:38:44:TRASPASANDO CABECERA FACTURA                                   (INICIO)
******************************************************************************		


******************************************************************************
26/03/2015 13:39:16:TRASPASANDO CABECERA FACTURA                                   (FIN)
******************************************************************************		


******************************************************************************
26/03/2015 13:39:16:TRASPASANDO LINEAS FACTURA                                     (INICIO)
******************************************************************************		


******************************************************************************
26/03/2015 13:41:01:TRASPASANDO LINEAS FACTURA                                     (FIN)
******************************************************************************		


******************************************************************************
26/03/2015 13:41:01:TRASPASANDO LIQUIDACIONES                                      (INICIO)
******************************************************************************		


******************************************************************************
26/03/2015 13:41:14:TRASPASANDO LIQUIDACIONES                                      (FIN)
******************************************************************************		


******************************************************************************
26/03/2015 13:41:14:TRASPASANDO LIQUIDACIONES LINEAS                               (INICIO)
******************************************************************************		


******************************************************************************
26/03/2015 13:41:55:TRASPASANDO LIQUIDACIONES LINEAS                               (FIN)
******************************************************************************		


******************************************************************************
26/03/2015 13:41:55:TRASPASANDO PROVEEDORES (ACREEDORES)                           (INICIO)
******************************************************************************		


******************************************************************************
26/03/2015 13:42:02:TRASPASANDO PROVEEDORES (ACREEDORES)                           (FIN)
******************************************************************************		


******************************************************************************
26/03/2015 13:42:02:TRASPASANDO FACTURAS RECIBIDAS                                 (INICIO)
******************************************************************************		


******************************************************************************
26/03/2015 13:42:26:TRASPASANDO FACTURAS RECIBIDAS                                 (FIN)
******************************************************************************		


******************************************************************************
26/03/2015 13:42:26:TRASPASANDO FACTURAS REC. (LINEAS)                             (INICIO)
******************************************************************************		


******************************************************************************
26/03/2015 13:42:50:TRASPASANDO FACTURAS REC. (LINEAS)                             (FIN)
******************************************************************************		


******************************************************************************
26/03/2015 13:42:50:TRASPASANDO TIPOS SOCIOS                                       (INICIO)
******************************************************************************		


******************************************************************************
26/03/2015 13:42:50:TRASPASANDO TIPOS SOCIOS                                       (FIN)
******************************************************************************		


******************************************************************************
26/03/2015 13:42:50:TRASPASANDO CAB. FACTURAS COARVAL                              (INICIO)
******************************************************************************		


******************************************************************************
26/03/2015 13:43:33:TRASPASANDO CAB. FACTURAS COARVAL                              (FIN)
******************************************************************************		


******************************************************************************
26/03/2015 13:43:33:TRASPASANDO LIN. FACTURAS COARVAL                              (INICIO)
******************************************************************************		


******************************************************************************
26/03/2015 13:44:11:TRASPASANDO LIN. FACTURAS COARVAL                              (FIN)
******************************************************************************		


******************************************************************************
26/03/2015 13:44:11:TRASPASANDO ASIENTOS                                           (INICIO)
******************************************************************************		


******************************************************************************
26/03/2015 13:44:14:TRASPASANDO ASIENTOS                                           (FIN)
******************************************************************************		


******************************************************************************
26/03/2015 13:44:14:TRASPASANDO APUNTES                                            (INICIO)
******************************************************************************		


******************************************************************************
26/03/2015 13:46:07:TRASPASANDO APUNTES                                            (FIN)
******************************************************************************		


******************************************************************************
26/03/2015 13:46:07:TRASPASANDO TICKETS COARVAL                                    (INICIO)
******************************************************************************		


******************************************************************************
26/03/2015 13:46:53:TRASPASANDO TICKETS COARVAL                                    (FIN)
******************************************************************************		


******************************************************************************
26/03/2015 13:46:53: FIN DEL TRASPASO POR LOTES
******************************************************************************		
